2012-09-06 23:15:35,390 [Worker-3] INFO  o.e.m.c.i.i.nexus.NexusIndexManager - Updating index for repository: central|http://repo.maven.apache.org/maven2
2012-09-06 23:15:35,928 [Worker-3] INFO  c.n.h.c.p.n.NettyAsyncHttpProvider - Number of application's worked threads is 4
2012-09-06 23:15:51,614 [Worker-3] INFO  o.e.m.c.i.i.nexus.NexusIndexManager - Updated index for repository: central|http://repo.maven.apache.org/maven2 in 16231 ms
2012-09-06 23:15:52,819 [ModalContext] WARN  o.e.m.i.discovery.MavenDiscovery - CatalogItem org.eclipse.m2e.discovery.lifecyclemapping.m2e-egit does not contain lifecycle mapping metadata
2012-09-06 23:16:07,679 [Worker-4] INFO  org.mortbay.log - Logging to Logger[org.mortbay.log] via org.mortbay.log.Slf4jLog
2012-09-06 23:16:09,370 [Worker-4] INFO  o.e.m.c.i.l.LifecycleMappingFactory - Using org.eclipse.m2e.jdt.JarLifecycleMapping lifecycle mapping for MavenProject: com.vaadin:schedule:1.0 @ /home/adas/at/projekt/SchedulerMav/schedule/pom.xml.
2012-09-06 23:16:12,032 [Worker-0] INFO  o.e.m.c.i.l.LifecycleMappingFactory - Using org.eclipse.m2e.jdt.JarLifecycleMapping lifecycle mapping for MavenProject: com.vaadin:schedule:1.0 @ /home/adas/at/projekt/SchedulerMav/schedule/pom.xml.
2012-09-06 23:16:12,398 [Worker-4] INFO  o.e.m.j.i.AbstractJavaProjectConfigurator - Adding source folder /schedule/src/main/java
2012-09-06 23:16:12,399 [Worker-4] INFO  o.e.m.j.i.AbstractJavaProjectConfigurator - Adding resource folder /schedule/src/main/resources
2012-09-06 23:16:12,408 [Worker-4] INFO  o.e.m.j.i.AbstractJavaProjectConfigurator - Adding source folder /schedule/src/test/java
2012-09-06 23:16:13,009 [Worker-4] INFO  o.e.m.c.i.p.ProjectConfigurationManager - Project import completed 6 sec
2012-09-06 23:16:14,325 [Worker-4] INFO  o.e.m.c.i.p.ProjectConfigurationManager - Update started
2012-09-06 23:16:14,326 [Worker-4] INFO  o.e.m.c.i.p.ProjectConfigurationManager - Update completed: 0 sec
2012-09-06 23:16:26,974 [Worker-3] INFO  o.e.m.c.i.l.LifecycleMappingFactory - Using org.eclipse.m2e.jdt.JarLifecycleMapping lifecycle mapping for MavenProject: com.vaadin:schedule:1.0 @ /home/adas/at/projekt/SchedulerMav/schedule/pom.xml.
2012-09-06 23:16:27,531 [Worker-3] INFO  o.e.m.c.i.embedder.EclipseLogger - Using 'UTF-8' encoding to copy filtered resources.
2012-09-06 23:16:27,541 [Worker-3] INFO  o.e.m.c.i.embedder.EclipseLogger - Copying 12 resources
2012-09-06 23:16:27,976 [Worker-3] INFO  o.e.m.c.i.embedder.EclipseLogger - Using 'UTF-8' encoding to copy filtered resources.
2012-09-06 23:16:27,976 [Worker-3] INFO  o.e.m.c.i.embedder.EclipseLogger - skip non existing resourceDirectory /home/adas/at/projekt/SchedulerMav/schedule/src/test/resources
2012-09-06 23:17:35,614 [Worker-1] INFO  org.mortbay.log - Logging to Logger[org.mortbay.log] via org.mortbay.log.Slf4jLog
2012-09-06 23:17:44,599 [Worker-2] INFO  o.e.m.c.i.i.nexus.NexusIndexManager - Updating index for repository: central|http://repo.maven.apache.org/maven2
2012-09-06 23:17:45,240 [Worker-2] INFO  c.n.h.c.p.n.NettyAsyncHttpProvider - Number of application's worked threads is 4
2012-09-06 23:17:48,638 [Worker-1] INFO  o.e.m.c.i.embedder.EclipseLogger - Using 'UTF-8' encoding to copy filtered resources.
2012-09-06 23:17:48,736 [Worker-1] INFO  o.e.m.c.i.embedder.EclipseLogger - Copying 12 resources
2012-09-06 23:17:49,079 [Worker-1] INFO  o.e.m.c.i.embedder.EclipseLogger - Using 'UTF-8' encoding to copy filtered resources.
2012-09-06 23:17:49,079 [Worker-1] INFO  o.e.m.c.i.embedder.EclipseLogger - skip non existing resourceDirectory /home/adas/at/projekt/SchedulerMav/schedule/src/test/resources
2012-09-06 23:18:04,283 [Worker-2] INFO  o.e.m.c.i.i.nexus.NexusIndexManager - Updated index for repository: central|http://repo.maven.apache.org/maven2 in 19702 ms
2012-09-06 23:18:47,077 [Worker-8] INFO  org.mortbay.log - Logging to Logger[org.mortbay.log] via org.mortbay.log.Slf4jLog
2012-09-06 23:18:52,875 [Worker-7] INFO  o.e.m.c.i.i.nexus.NexusIndexManager - Updating index for repository: central|http://repo.maven.apache.org/maven2
2012-09-06 23:18:53,223 [Worker-7] INFO  c.n.h.c.p.n.NettyAsyncHttpProvider - Number of application's worked threads is 4
2012-09-06 23:18:54,306 [Worker-8] INFO  o.e.m.c.i.embedder.EclipseLogger - Using 'UTF-8' encoding to copy filtered resources.
2012-09-06 23:18:54,372 [Worker-8] INFO  o.e.m.c.i.embedder.EclipseLogger - Copying 12 resources
2012-09-06 23:18:54,391 [Worker-8] INFO  o.e.m.c.i.embedder.EclipseLogger - Using 'UTF-8' encoding to copy filtered resources.
2012-09-06 23:18:54,392 [Worker-8] INFO  o.e.m.c.i.embedder.EclipseLogger - skip non existing resourceDirectory /home/adas/at/projekt/SchedulerMav/schedule/src/test/resources
2012-09-06 23:19:11,167 [Worker-7] INFO  o.e.m.c.i.i.nexus.NexusIndexManager - Updated index for repository: central|http://repo.maven.apache.org/maven2 in 18293 ms
2012-09-06 23:20:52,943 [Worker-12] INFO  o.e.m.i.launch.MavenLaunchDelegate - /home/adas/at/projekt/SchedulerMav/schedule
2012-09-06 23:20:52,950 [Worker-12] INFO  o.e.m.i.launch.MavenLaunchDelegate -  mvn  -B 
2012-09-06 23:24:11,272 [main] INFO  org.mortbay.log - Logging to Logger[org.mortbay.log] via org.mortbay.log.Slf4jLog
2012-09-06 23:24:29,849 [Worker-3] INFO  o.e.m.c.i.i.nexus.NexusIndexManager - Updating index for repository: central|http://repo.maven.apache.org/maven2
2012-09-06 23:24:30,221 [Worker-3] INFO  c.n.h.c.p.n.NettyAsyncHttpProvider - Number of application's worked threads is 4
2012-09-06 23:24:46,389 [Worker-3] INFO  o.e.m.c.i.i.nexus.NexusIndexManager - Updated index for repository: central|http://repo.maven.apache.org/maven2 in 16540 ms
2012-09-06 23:24:58,691 [Worker-2] INFO  o.e.m.i.launch.MavenLaunchDelegate - /home/adas/at/projekt/SchedulerMav/schedule
2012-09-06 23:24:58,707 [Worker-2] INFO  o.e.m.i.launch.MavenLaunchDelegate -  mvn  -B 
2012-09-06 23:25:52,530 [Worker-5] INFO  o.e.m.c.i.l.LifecycleMappingFactory - Using org.eclipse.m2e.jdt.JarLifecycleMapping lifecycle mapping for MavenProject: com.vaadin:schedule:1.0 @ /home/adas/at/projekt/SchedulerMav/schedule/pom.xml.
2012-09-06 23:25:54,409 [Worker-5] INFO  o.e.m.c.i.embedder.EclipseLogger - Using 'UTF-8' encoding to copy filtered resources.
2012-09-06 23:25:54,419 [Worker-5] INFO  o.e.m.c.i.embedder.EclipseLogger - Copying 12 resources
2012-09-06 23:25:54,527 [Worker-5] INFO  o.e.m.c.i.embedder.EclipseLogger - Using 'UTF-8' encoding to copy filtered resources.
2012-09-06 23:25:54,528 [Worker-5] INFO  o.e.m.c.i.embedder.EclipseLogger - skip non existing resourceDirectory /home/adas/at/projekt/SchedulerMav/schedule/src/test/resources
2012-09-06 23:25:57,527 [Worker-0] INFO  o.e.m.i.launch.MavenLaunchDelegate - /home/adas/at/projekt/SchedulerMav/schedule
2012-09-06 23:25:57,528 [Worker-0] INFO  o.e.m.i.launch.MavenLaunchDelegate -  mvn  -B 
2012-09-06 23:29:27,274 [Worker-8] INFO  o.e.m.c.i.embedder.EclipseLogger - Using 'UTF-8' encoding to copy filtered resources.
2012-09-06 23:29:27,306 [Worker-8] INFO  o.e.m.c.i.embedder.EclipseLogger - Copying 0 resource
2012-09-06 23:29:27,313 [Worker-8] INFO  o.e.m.c.i.embedder.EclipseLogger - Using 'UTF-8' encoding to copy filtered resources.
2012-09-06 23:29:27,313 [Worker-8] INFO  o.e.m.c.i.embedder.EclipseLogger - skip non existing resourceDirectory /home/adas/at/projekt/SchedulerMav/schedule/src/test/resources
2012-09-06 23:30:00,097 [Worker-12] INFO  o.e.m.c.i.embedder.EclipseLogger - Using 'UTF-8' encoding to copy filtered resources.
2012-09-06 23:30:00,097 [Worker-12] INFO  o.e.m.c.i.embedder.EclipseLogger - Copying 0 resource
2012-09-06 23:30:00,103 [Worker-12] INFO  o.e.m.c.i.embedder.EclipseLogger - Using 'UTF-8' encoding to copy filtered resources.
2012-09-06 23:30:00,113 [Worker-12] INFO  o.e.m.c.i.embedder.EclipseLogger - skip non existing resourceDirectory /home/adas/at/projekt/SchedulerMav/schedule/src/test/resources
2012-09-06 23:30:40,162 [Worker-8] INFO  o.e.m.c.i.embedder.EclipseLogger - Using 'UTF-8' encoding to copy filtered resources.
2012-09-06 23:30:40,228 [Worker-8] INFO  o.e.m.c.i.embedder.EclipseLogger - Copying 12 resources
2012-09-06 23:30:40,242 [Worker-8] INFO  o.e.m.c.i.embedder.EclipseLogger - Using 'UTF-8' encoding to copy filtered resources.
2012-09-06 23:30:40,242 [Worker-8] INFO  o.e.m.c.i.embedder.EclipseLogger - skip non existing resourceDirectory /home/adas/at/projekt/SchedulerMav/schedule/src/test/resources
2012-09-06 23:30:42,822 [Worker-11] INFO  o.e.m.c.i.embedder.EclipseLogger - Using 'UTF-8' encoding to copy filtered resources.
2012-09-06 23:30:42,838 [Worker-11] INFO  o.e.m.c.i.embedder.EclipseLogger - Copying 12 resources
2012-09-06 23:30:42,847 [Worker-11] INFO  o.e.m.c.i.embedder.EclipseLogger - Using 'UTF-8' encoding to copy filtered resources.
2012-09-06 23:30:42,852 [Worker-11] INFO  o.e.m.c.i.embedder.EclipseLogger - skip non existing resourceDirectory /home/adas/at/projekt/SchedulerMav/schedule/src/test/resources
2012-09-06 23:31:13,931 [Worker-2] INFO  o.e.m.c.i.embedder.EclipseLogger - Using 'UTF-8' encoding to copy filtered resources.
2012-09-06 23:31:13,934 [Worker-2] INFO  o.e.m.c.i.embedder.EclipseLogger - Copying 12 resources
2012-09-06 23:31:13,939 [Worker-2] INFO  o.e.m.c.i.embedder.EclipseLogger - Using 'UTF-8' encoding to copy filtered resources.
2012-09-06 23:31:13,940 [Worker-2] INFO  o.e.m.c.i.embedder.EclipseLogger - skip non existing resourceDirectory /home/adas/at/projekt/SchedulerMav/schedule/src/test/resources
2012-09-06 23:32:10,523 [Worker-10] INFO  o.e.m.c.i.embedder.EclipseLogger - Using 'UTF-8' encoding to copy filtered resources.
2012-09-06 23:32:10,527 [Worker-10] INFO  o.e.m.c.i.embedder.EclipseLogger - Copying 12 resources
2012-09-06 23:32:10,544 [Worker-10] INFO  o.e.m.c.i.embedder.EclipseLogger - Using 'UTF-8' encoding to copy filtered resources.
2012-09-06 23:32:10,544 [Worker-10] INFO  o.e.m.c.i.embedder.EclipseLogger - skip non existing resourceDirectory /home/adas/at/projekt/SchedulerMav/schedule/src/test/resources
2012-09-06 23:32:17,962 [Worker-10] INFO  o.e.m.c.i.embedder.EclipseLogger - Using 'UTF-8' encoding to copy filtered resources.
2012-09-06 23:32:17,966 [Worker-10] INFO  o.e.m.c.i.embedder.EclipseLogger - Copying 12 resources
2012-09-06 23:32:17,974 [Worker-10] INFO  o.e.m.c.i.embedder.EclipseLogger - Using 'UTF-8' encoding to copy filtered resources.
2012-09-06 23:32:17,975 [Worker-10] INFO  o.e.m.c.i.embedder.EclipseLogger - skip non existing resourceDirectory /home/adas/at/projekt/SchedulerMav/schedule/src/test/resources
2012-09-06 23:32:25,492 [Worker-13] INFO  o.e.m.c.i.embedder.EclipseLogger - Using 'UTF-8' encoding to copy filtered resources.
2012-09-06 23:32:25,501 [Worker-13] INFO  o.e.m.c.i.embedder.EclipseLogger - Copying 12 resources
2012-09-06 23:32:25,507 [Worker-13] INFO  o.e.m.c.i.embedder.EclipseLogger - Using 'UTF-8' encoding to copy filtered resources.
2012-09-06 23:32:25,520 [Worker-13] INFO  o.e.m.c.i.embedder.EclipseLogger - skip non existing resourceDirectory /home/adas/at/projekt/SchedulerMav/schedule/src/test/resources
2012-09-06 23:32:50,283 [Worker-13] INFO  o.e.m.c.i.embedder.EclipseLogger - Using 'UTF-8' encoding to copy filtered resources.
2012-09-06 23:32:50,295 [Worker-13] INFO  o.e.m.c.i.embedder.EclipseLogger - Copying 12 resources
2012-09-06 23:32:50,310 [Worker-13] INFO  o.e.m.c.i.embedder.EclipseLogger - Using 'UTF-8' encoding to copy filtered resources.
2012-09-06 23:32:50,311 [Worker-13] INFO  o.e.m.c.i.embedder.EclipseLogger - skip non existing resourceDirectory /home/adas/at/projekt/SchedulerMav/schedule/src/test/resources
2012-09-06 23:32:58,711 [Worker-12] INFO  o.e.m.c.i.embedder.EclipseLogger - Using 'UTF-8' encoding to copy filtered resources.
2012-09-06 23:32:58,726 [Worker-12] INFO  o.e.m.c.i.embedder.EclipseLogger - Copying 12 resources
2012-09-06 23:32:58,730 [Worker-12] INFO  o.e.m.c.i.embedder.EclipseLogger - Using 'UTF-8' encoding to copy filtered resources.
2012-09-06 23:32:58,731 [Worker-12] INFO  o.e.m.c.i.embedder.EclipseLogger - skip non existing resourceDirectory /home/adas/at/projekt/SchedulerMav/schedule/src/test/resources
2012-09-06 23:34:04,133 [Worker-12] INFO  o.e.m.c.i.embedder.EclipseLogger - Using 'UTF-8' encoding to copy filtered resources.
2012-09-06 23:34:04,135 [Worker-12] INFO  o.e.m.c.i.embedder.EclipseLogger - Copying 12 resources
2012-09-06 23:34:04,140 [Worker-12] INFO  o.e.m.c.i.embedder.EclipseLogger - Using 'UTF-8' encoding to copy filtered resources.
2012-09-06 23:34:04,141 [Worker-12] INFO  o.e.m.c.i.embedder.EclipseLogger - skip non existing resourceDirectory /home/adas/at/projekt/SchedulerMav/schedule/src/test/resources
2012-09-06 23:34:12,134 [Worker-10] INFO  o.e.m.c.i.embedder.EclipseLogger - Using 'UTF-8' encoding to copy filtered resources.
2012-09-06 23:34:12,136 [Worker-10] INFO  o.e.m.c.i.embedder.EclipseLogger - Copying 12 resources
2012-09-06 23:34:12,146 [Worker-10] INFO  o.e.m.c.i.embedder.EclipseLogger - Using 'UTF-8' encoding to copy filtered resources.
2012-09-06 23:34:12,146 [Worker-10] INFO  o.e.m.c.i.embedder.EclipseLogger - skip non existing resourceDirectory /home/adas/at/projekt/SchedulerMav/schedule/src/test/resources
2012-09-06 23:34:22,657 [Worker-2] INFO  o.e.m.c.i.embedder.EclipseLogger - Using 'UTF-8' encoding to copy filtered resources.
2012-09-06 23:34:22,660 [Worker-2] INFO  o.e.m.c.i.embedder.EclipseLogger - Copying 12 resources
2012-09-06 23:34:22,685 [Worker-2] INFO  o.e.m.c.i.embedder.EclipseLogger - Using 'UTF-8' encoding to copy filtered resources.
2012-09-06 23:34:22,685 [Worker-2] INFO  o.e.m.c.i.embedder.EclipseLogger - skip non existing resourceDirectory /home/adas/at/projekt/SchedulerMav/schedule/src/test/resources
2012-09-06 23:34:40,770 [Worker-10] INFO  o.e.m.c.i.embedder.EclipseLogger - Using 'UTF-8' encoding to copy filtered resources.
2012-09-06 23:34:40,772 [Worker-10] INFO  o.e.m.c.i.embedder.EclipseLogger - Copying 12 resources
2012-09-06 23:34:40,776 [Worker-10] INFO  o.e.m.c.i.embedder.EclipseLogger - Using 'UTF-8' encoding to copy filtered resources.
2012-09-06 23:34:40,777 [Worker-10] INFO  o.e.m.c.i.embedder.EclipseLogger - skip non existing resourceDirectory /home/adas/at/projekt/SchedulerMav/schedule/src/test/resources
2012-09-06 23:35:08,709 [Worker-12] INFO  o.e.m.c.i.embedder.EclipseLogger - Using 'UTF-8' encoding to copy filtered resources.
2012-09-06 23:35:08,713 [Worker-12] INFO  o.e.m.c.i.embedder.EclipseLogger - Copying 12 resources
2012-09-06 23:35:08,723 [Worker-12] INFO  o.e.m.c.i.embedder.EclipseLogger - Using 'UTF-8' encoding to copy filtered resources.
2012-09-06 23:35:08,723 [Worker-12] INFO  o.e.m.c.i.embedder.EclipseLogger - skip non existing resourceDirectory /home/adas/at/projekt/SchedulerMav/schedule/src/test/resources
2012-09-06 23:35:25,297 [Worker-8] INFO  o.e.m.c.i.embedder.EclipseLogger - Using 'UTF-8' encoding to copy filtered resources.
2012-09-06 23:35:25,300 [Worker-8] INFO  o.e.m.c.i.embedder.EclipseLogger - Copying 12 resources
2012-09-06 23:35:25,308 [Worker-8] INFO  o.e.m.c.i.embedder.EclipseLogger - Using 'UTF-8' encoding to copy filtered resources.
2012-09-06 23:35:25,309 [Worker-8] INFO  o.e.m.c.i.embedder.EclipseLogger - skip non existing resourceDirectory /home/adas/at/projekt/SchedulerMav/schedule/src/test/resources
2012-09-06 23:35:34,904 [Worker-11] INFO  o.e.m.c.i.embedder.EclipseLogger - Using 'UTF-8' encoding to copy filtered resources.
2012-09-06 23:35:34,907 [Worker-11] INFO  o.e.m.c.i.embedder.EclipseLogger - Copying 12 resources
2012-09-06 23:35:34,913 [Worker-11] INFO  o.e.m.c.i.embedder.EclipseLogger - Using 'UTF-8' encoding to copy filtered resources.
2012-09-06 23:35:34,913 [Worker-11] INFO  o.e.m.c.i.embedder.EclipseLogger - skip non existing resourceDirectory /home/adas/at/projekt/SchedulerMav/schedule/src/test/resources
2012-09-06 23:35:59,372 [Worker-8] INFO  o.e.m.c.i.embedder.EclipseLogger - Using 'UTF-8' encoding to copy filtered resources.
2012-09-06 23:35:59,375 [Worker-8] INFO  o.e.m.c.i.embedder.EclipseLogger - Copying 12 resources
2012-09-06 23:35:59,404 [Worker-8] INFO  o.e.m.c.i.embedder.EclipseLogger - Using 'UTF-8' encoding to copy filtered resources.
2012-09-06 23:35:59,404 [Worker-8] INFO  o.e.m.c.i.embedder.EclipseLogger - skip non existing resourceDirectory /home/adas/at/projekt/SchedulerMav/schedule/src/test/resources
2012-09-06 23:36:50,206 [Worker-2] INFO  o.e.m.c.i.embedder.EclipseLogger - Using 'UTF-8' encoding to copy filtered resources.
2012-09-06 23:36:50,208 [Worker-2] INFO  o.e.m.c.i.embedder.EclipseLogger - Copying 12 resources
2012-09-06 23:36:50,225 [Worker-2] INFO  o.e.m.c.i.embedder.EclipseLogger - Using 'UTF-8' encoding to copy filtered resources.
2012-09-06 23:36:50,226 [Worker-2] INFO  o.e.m.c.i.embedder.EclipseLogger - skip non existing resourceDirectory /home/adas/at/projekt/SchedulerMav/schedule/src/test/resources
2012-09-06 23:37:05,508 [Worker-8] INFO  o.e.m.c.i.embedder.EclipseLogger - Using 'UTF-8' encoding to copy filtered resources.
2012-09-06 23:37:05,510 [Worker-8] INFO  o.e.m.c.i.embedder.EclipseLogger - Copying 12 resources
2012-09-06 23:37:05,514 [Worker-8] INFO  o.e.m.c.i.embedder.EclipseLogger - Using 'UTF-8' encoding to copy filtered resources.
2012-09-06 23:37:05,515 [Worker-8] INFO  o.e.m.c.i.embedder.EclipseLogger - skip non existing resourceDirectory /home/adas/at/projekt/SchedulerMav/schedule/src/test/resources
2012-09-06 23:37:21,892 [Worker-12] INFO  o.e.m.c.i.embedder.EclipseLogger - Using 'UTF-8' encoding to copy filtered resources.
2012-09-06 23:37:21,895 [Worker-12] INFO  o.e.m.c.i.embedder.EclipseLogger - Copying 12 resources
2012-09-06 23:37:21,907 [Worker-12] INFO  o.e.m.c.i.embedder.EclipseLogger - Using 'UTF-8' encoding to copy filtered resources.
2012-09-06 23:37:21,907 [Worker-12] INFO  o.e.m.c.i.embedder.EclipseLogger - skip non existing resourceDirectory /home/adas/at/projekt/SchedulerMav/schedule/src/test/resources
2012-09-06 23:37:28,043 [Worker-10] INFO  o.e.m.c.i.embedder.EclipseLogger - Using 'UTF-8' encoding to copy filtered resources.
2012-09-06 23:37:28,045 [Worker-10] INFO  o.e.m.c.i.embedder.EclipseLogger - Copying 12 resources
2012-09-06 23:37:28,050 [Worker-10] INFO  o.e.m.c.i.embedder.EclipseLogger - Using 'UTF-8' encoding to copy filtered resources.
2012-09-06 23:37:28,056 [Worker-10] INFO  o.e.m.c.i.embedder.EclipseLogger - skip non existing resourceDirectory /home/adas/at/projekt/SchedulerMav/schedule/src/test/resources
2012-09-06 23:38:26,489 [Worker-2] INFO  o.e.m.c.i.embedder.EclipseLogger - Using 'UTF-8' encoding to copy filtered resources.
2012-09-06 23:38:26,489 [Worker-2] INFO  o.e.m.c.i.embedder.EclipseLogger - Copying 0 resource
2012-09-06 23:38:26,493 [Worker-2] INFO  o.e.m.c.i.embedder.EclipseLogger - Using 'UTF-8' encoding to copy filtered resources.
2012-09-06 23:38:26,493 [Worker-2] INFO  o.e.m.c.i.embedder.EclipseLogger - skip non existing resourceDirectory /home/adas/at/projekt/SchedulerMav/schedule/src/test/resources
2012-09-06 23:41:00,467 [main] INFO  o.e.m2e.actions.ExecutePomAction - Creating new launch configuration
2012-09-06 23:54:31,011 [Worker-15] INFO  o.e.m.i.launch.MavenLaunchDelegate - /home/adas/at/projekt/SchedulerMav/schedule
2012-09-06 23:54:31,052 [Worker-15] INFO  o.e.m.i.launch.MavenLaunchDelegate -  mvn  -B 
2012-09-07 00:00:19,659 [Worker-23] INFO  o.e.m.c.i.p.ProjectConfigurationManager - Update started
2012-09-07 00:00:20,203 [Worker-23] INFO  o.e.m.c.i.l.LifecycleMappingFactory - Using org.eclipse.m2e.jdt.JarLifecycleMapping lifecycle mapping for MavenProject: com.vaadin:schedule:1.0 @ /home/adas/at/projekt/SchedulerMav/schedule/pom.xml.
2012-09-07 00:00:21,701 [Worker-23] INFO  o.e.m.j.i.AbstractJavaProjectConfigurator - Adding source folder /schedule/src/main/java
2012-09-07 00:00:21,702 [Worker-23] INFO  o.e.m.j.i.AbstractJavaProjectConfigurator - Adding resource folder /schedule/src/main/resources
2012-09-07 00:00:21,722 [Worker-23] INFO  o.e.m.j.i.AbstractJavaProjectConfigurator - Adding source folder /schedule/src/test/java
2012-09-07 00:00:21,872 [Worker-23] INFO  o.e.m.c.i.p.ProjectConfigurationManager - Update completed: 2 sec
2012-09-07 00:00:25,856 [Worker-22] INFO  o.e.m.c.i.embedder.EclipseLogger - Using 'UTF-8' encoding to copy filtered resources.
2012-09-07 00:00:25,929 [Worker-22] INFO  o.e.m.c.i.embedder.EclipseLogger - Copying 12 resources
2012-09-07 00:00:25,954 [Worker-22] INFO  o.e.m.c.i.embedder.EclipseLogger - Using 'UTF-8' encoding to copy filtered resources.
2012-09-07 00:00:25,955 [Worker-22] INFO  o.e.m.c.i.embedder.EclipseLogger - skip non existing resourceDirectory /home/adas/at/projekt/SchedulerMav/schedule/src/test/resources
2012-09-07 00:00:35,661 [Worker-18] INFO  o.e.m.i.launch.MavenLaunchDelegate - /home/adas/at/projekt/SchedulerMav/schedule
2012-09-07 00:00:35,661 [Worker-18] INFO  o.e.m.i.launch.MavenLaunchDelegate -  mvn  -B generate-sources
2012-09-07 00:00:46,085 [Worker-23] INFO  o.e.m.c.i.embedder.EclipseLogger - Using 'UTF-8' encoding to copy filtered resources.
2012-09-07 00:00:46,086 [Worker-23] INFO  o.e.m.c.i.embedder.EclipseLogger - Copying 0 resource
2012-09-07 00:00:46,089 [Worker-23] INFO  o.e.m.c.i.embedder.EclipseLogger - Using 'UTF-8' encoding to copy filtered resources.
2012-09-07 00:00:46,089 [Worker-23] INFO  o.e.m.c.i.embedder.EclipseLogger - skip non existing resourceDirectory /home/adas/at/projekt/SchedulerMav/schedule/src/test/resources
2012-09-07 00:01:11,400 [Worker-24] INFO  o.e.m.i.launch.MavenLaunchDelegate - /home/adas/at/projekt/SchedulerMav/schedule
2012-09-07 00:01:11,401 [Worker-24] INFO  o.e.m.i.launch.MavenLaunchDelegate -  mvn  -B 
2012-09-07 20:59:03,695 [Worker-11] INFO  org.mortbay.log - Logging to Logger[org.mortbay.log] via org.mortbay.log.Slf4jLog
2012-09-07 20:59:11,965 [Worker-7] INFO  o.e.m.c.i.i.nexus.NexusIndexManager - Updating index for repository: central|http://repo.maven.apache.org/maven2
2012-09-07 20:59:12,651 [Worker-7] INFO  c.n.h.c.p.n.NettyAsyncHttpProvider - Number of application's worked threads is 4
2012-09-07 20:59:33,911 [Worker-7] INFO  o.e.m.c.i.i.nexus.NexusIndexManager - Updated index for repository: central|http://repo.maven.apache.org/maven2 in 21951 ms
2012-09-07 20:59:35,910 [Worker-11] INFO  o.e.m.c.i.l.LifecycleMappingFactory - Using org.eclipse.m2e.jdt.JarLifecycleMapping lifecycle mapping for MavenProject: com.vaadin:schedule:1.0 @ /home/adas/at/projekt/SchedulerMav/schedule/pom.xml.
2012-09-07 20:59:38,135 [Worker-11] INFO  o.e.m.c.i.embedder.EclipseLogger - Using 'UTF-8' encoding to copy filtered resources.
2012-09-07 20:59:38,206 [Worker-11] INFO  o.e.m.c.i.embedder.EclipseLogger - Copying 12 resources
2012-09-07 20:59:38,723 [Worker-11] INFO  o.e.m.c.i.embedder.EclipseLogger - Using 'UTF-8' encoding to copy filtered resources.
2012-09-07 20:59:38,736 [Worker-11] INFO  o.e.m.c.i.embedder.EclipseLogger - skip non existing resourceDirectory /home/adas/at/projekt/SchedulerMav/schedule/src/test/resources
2012-09-11 16:43:27,623 [Worker-9] INFO  org.mortbay.log - Logging to Logger[org.mortbay.log] via org.mortbay.log.Slf4jLog
2012-09-11 16:43:34,753 [Worker-3] INFO  o.e.m.c.i.i.nexus.NexusIndexManager - Updating index for repository: central|http://repo.maven.apache.org/maven2
2012-09-11 16:43:35,385 [Worker-3] INFO  c.n.h.c.p.n.NettyAsyncHttpProvider - Number of application's worked threads is 4
2012-09-11 16:43:56,539 [Worker-3] INFO  o.e.m.c.i.i.nexus.NexusIndexManager - Updated index for repository: central|http://repo.maven.apache.org/maven2 in 21787 ms
2012-09-11 16:43:59,461 [Worker-9] INFO  o.e.m.c.i.l.LifecycleMappingFactory - Using org.eclipse.m2e.jdt.JarLifecycleMapping lifecycle mapping for MavenProject: com.vaadin:schedule:1.0 @ /home/adas/at/projekt/SchedulerMav/schedule/pom.xml.
2012-09-11 16:44:01,859 [Worker-9] INFO  o.e.m.c.i.embedder.EclipseLogger - Using 'UTF-8' encoding to copy filtered resources.
2012-09-11 16:44:01,871 [Worker-9] INFO  o.e.m.c.i.embedder.EclipseLogger - Copying 12 resources
2012-09-11 16:44:02,659 [Worker-9] INFO  o.e.m.c.i.embedder.EclipseLogger - Using 'UTF-8' encoding to copy filtered resources.
2012-09-11 16:44:02,667 [Worker-9] INFO  o.e.m.c.i.embedder.EclipseLogger - skip non existing resourceDirectory /home/adas/at/projekt/SchedulerMav/schedule/src/test/resources
2012-09-11 17:06:28,188 [Worker-13] INFO  o.e.m.c.i.p.ProjectConfigurationManager - Collecting project info '/pom.xml' /home/adas/at/projekt/SchedulerMav/schedulet/pom.xml
2012-09-11 17:06:30,490 [Worker-13] INFO  o.e.m.c.i.l.LifecycleMappingFactory - Using org.eclipse.m2e.jdt.JarLifecycleMapping lifecycle mapping for MavenProject: org.cicts:schedulet:0.0.1-SNAPSHOT @ /home/adas/at/projekt/SchedulerMav/schedulet/pom.xml.
2012-09-11 17:06:32,806 [Worker-13] INFO  o.e.m.j.i.AbstractJavaProjectConfigurator - Adding source folder /schedulet/src/main/java
2012-09-11 17:06:32,808 [Worker-13] INFO  o.e.m.j.i.AbstractJavaProjectConfigurator - Adding resource folder /schedulet/src/main/resources
2012-09-11 17:06:32,950 [Worker-13] INFO  o.e.m.j.i.AbstractJavaProjectConfigurator - Adding source folder /schedulet/src/test/java
2012-09-11 17:06:33,929 [Worker-5] INFO  o.e.m.c.i.l.LifecycleMappingFactory - Using org.eclipse.m2e.jdt.JarLifecycleMapping lifecycle mapping for MavenProject: org.cicts:schedulet:0.0.1-SNAPSHOT @ /home/adas/at/projekt/SchedulerMav/schedulet/pom.xml.
2012-09-11 17:06:35,028 [Worker-13] INFO  o.e.m.c.i.p.ProjectConfigurationManager - Project import completed 6 sec
2012-09-11 17:06:39,471 [Worker-17] INFO  o.e.m.c.i.l.LifecycleMappingFactory - Using org.eclipse.m2e.jdt.JarLifecycleMapping lifecycle mapping for MavenProject: org.cicts:schedulet:0.0.1-SNAPSHOT @ /home/adas/at/projekt/SchedulerMav/schedulet/pom.xml.
2012-09-11 17:06:39,780 [Worker-17] INFO  o.e.m.c.i.embedder.EclipseLogger - Using 'UTF-8' encoding to copy filtered resources.
2012-09-11 17:06:39,781 [Worker-17] INFO  o.e.m.c.i.embedder.EclipseLogger - Copying 1 resource
2012-09-11 17:06:39,787 [Worker-17] INFO  o.e.m.c.i.embedder.EclipseLogger - Using 'UTF-8' encoding to copy filtered resources.
2012-09-11 17:06:39,787 [Worker-17] INFO  o.e.m.c.i.embedder.EclipseLogger - skip non existing resourceDirectory /home/adas/at/projekt/SchedulerMav/schedulet/src/test/resources
2012-09-11 17:07:07,378 [main] INFO  o.e.m2e.actions.ExecutePomAction - Creating new launch configuration
2012-09-11 17:07:12,518 [Worker-18] INFO  o.e.m.i.launch.MavenLaunchDelegate - /home/adas/at/projekt/SchedulerMav/schedulet
2012-09-11 17:07:12,519 [Worker-18] INFO  o.e.m.i.launch.MavenLaunchDelegate -  mvn  -B 
2012-09-11 17:08:25,079 [Worker-5] INFO  o.e.m.c.i.l.LifecycleMappingFactory - Using org.eclipse.m2e.jdt.JarLifecycleMapping lifecycle mapping for MavenProject: org.cicts:schedulet:0.0.1-SNAPSHOT @ /home/adas/at/projekt/SchedulerMav/schedulet/pom.xml.
2012-09-11 17:08:25,251 [Worker-5] INFO  o.e.m.c.i.embedder.EclipseLogger - Using 'UTF-8' encoding to copy filtered resources.
2012-09-11 17:08:25,303 [Worker-5] INFO  o.e.m.c.i.embedder.EclipseLogger - Copying 0 resource
2012-09-11 17:08:25,309 [Worker-5] INFO  o.e.m.c.i.embedder.EclipseLogger - Using 'UTF-8' encoding to copy filtered resources.
2012-09-11 17:08:25,309 [Worker-5] INFO  o.e.m.c.i.embedder.EclipseLogger - skip non existing resourceDirectory /home/adas/at/projekt/SchedulerMav/schedulet/src/test/resources
2012-09-11 17:14:27,257 [Worker-21] INFO  o.e.m.c.i.l.LifecycleMappingFactory - Using org.eclipse.m2e.jdt.JarLifecycleMapping lifecycle mapping for MavenProject: org.cicts:schedulet:0.0.1-SNAPSHOT @ /home/adas/at/projekt/SchedulerMav/schedulet/pom.xml.
2012-09-11 17:14:28,212 [Worker-21] INFO  o.e.m.c.i.embedder.EclipseLogger - Using 'UTF-8' encoding to copy filtered resources.
2012-09-11 17:14:28,212 [Worker-21] INFO  o.e.m.c.i.embedder.EclipseLogger - Copying 0 resource
2012-09-11 17:14:28,216 [Worker-21] INFO  o.e.m.c.i.embedder.EclipseLogger - Using 'UTF-8' encoding to copy filtered resources.
2012-09-11 17:14:28,217 [Worker-21] INFO  o.e.m.c.i.embedder.EclipseLogger - skip non existing resourceDirectory /home/adas/at/projekt/SchedulerMav/schedulet/src/test/resources
2012-09-11 17:14:30,420 [Worker-20] INFO  o.e.m.c.i.embedder.EclipseLogger - Using 'UTF-8' encoding to copy filtered resources.
2012-09-11 17:14:30,437 [Worker-20] INFO  o.e.m.c.i.embedder.EclipseLogger - Copying 1 resource
2012-09-11 17:14:30,455 [Worker-20] INFO  o.e.m.c.i.embedder.EclipseLogger - Using 'UTF-8' encoding to copy filtered resources.
2012-09-11 17:14:30,455 [Worker-20] INFO  o.e.m.c.i.embedder.EclipseLogger - skip non existing resourceDirectory /home/adas/at/projekt/SchedulerMav/schedulet/src/test/resources
2012-09-11 17:14:44,183 [main] INFO  o.e.m2e.actions.ExecutePomAction - Creating new launch configuration
2012-09-11 17:15:01,703 [main] INFO  c.n.h.c.p.n.NettyAsyncHttpProvider - Number of application's worked threads is 4
2012-09-11 17:15:02,050 [New I/O client worker #2-1] INFO  o.e.m.c.i.e.AbstractTransferListenerAdapter - Downloading http://repo.maven.apache.org/maven2/org/codehaus/plexus/plexus-classworlds/2.4/plexus-classworlds-2.4-sources.jar
2012-09-11 17:15:02,142 [New I/O client worker #2-1] INFO  o.e.m.c.i.e.AbstractTransferListenerAdapter - Downloaded http://repo.maven.apache.org/maven2/org/codehaus/plexus/plexus-classworlds/2.4/plexus-classworlds-2.4-sources.jar
2012-09-11 17:15:02,819 [main] INFO  c.n.h.c.p.n.NettyAsyncHttpProvider - Number of application's worked threads is 4
2012-09-11 17:15:02,906 [New I/O client worker #3-1] INFO  o.e.m.c.i.e.AbstractTransferListenerAdapter - Downloading http://repo.maven.apache.org/maven2/org/apache/maven/maven-core/3.0.4/maven-core-3.0.4-sources.jar
2012-09-11 17:15:03,579 [New I/O client worker #3-1] INFO  o.e.m.c.i.e.AbstractTransferListenerAdapter - Downloaded http://repo.maven.apache.org/maven2/org/apache/maven/maven-core/3.0.4/maven-core-3.0.4-sources.jar
2012-09-11 17:15:03,841 [main] INFO  c.n.h.c.p.n.NettyAsyncHttpProvider - Number of application's worked threads is 4
2012-09-11 17:15:03,926 [New I/O client worker #4-1] INFO  o.e.m.c.i.e.AbstractTransferListenerAdapter - Downloading http://repo.maven.apache.org/maven2/org/apache/maven/maven-model/3.0.4/maven-model-3.0.4-sources.jar
2012-09-11 17:15:04,107 [New I/O client worker #4-1] INFO  o.e.m.c.i.e.AbstractTransferListenerAdapter - Downloaded http://repo.maven.apache.org/maven2/org/apache/maven/maven-model/3.0.4/maven-model-3.0.4-sources.jar
2012-09-11 17:15:04,313 [main] INFO  c.n.h.c.p.n.NettyAsyncHttpProvider - Number of application's worked threads is 4
2012-09-11 17:15:04,398 [New I/O client worker #5-1] INFO  o.e.m.c.i.e.AbstractTransferListenerAdapter - Downloading http://repo.maven.apache.org/maven2/org/apache/maven/maven-settings/3.0.4/maven-settings-3.0.4-sources.jar
2012-09-11 17:15:04,462 [New I/O client worker #5-1] INFO  o.e.m.c.i.e.AbstractTransferListenerAdapter - Downloaded http://repo.maven.apache.org/maven2/org/apache/maven/maven-settings/3.0.4/maven-settings-3.0.4-sources.jar
2012-09-11 17:15:04,649 [main] INFO  c.n.h.c.p.n.NettyAsyncHttpProvider - Number of application's worked threads is 4
2012-09-11 17:15:04,741 [New I/O client worker #6-1] INFO  o.e.m.c.i.e.AbstractTransferListenerAdapter - Downloading http://repo.maven.apache.org/maven2/org/apache/maven/maven-settings-builder/3.0.4/maven-settings-builder-3.0.4-sources.jar
2012-09-11 17:15:04,816 [New I/O client worker #6-1] INFO  o.e.m.c.i.e.AbstractTransferListenerAdapter - Downloaded http://repo.maven.apache.org/maven2/org/apache/maven/maven-settings-builder/3.0.4/maven-settings-builder-3.0.4-sources.jar
2012-09-11 17:15:05,000 [main] INFO  c.n.h.c.p.n.NettyAsyncHttpProvider - Number of application's worked threads is 4
2012-09-11 17:15:05,096 [New I/O client worker #7-1] INFO  o.e.m.c.i.e.AbstractTransferListenerAdapter - Downloading http://repo.maven.apache.org/maven2/org/apache/maven/maven-repository-metadata/3.0.4/maven-repository-metadata-3.0.4-sources.jar
2012-09-11 17:15:05,211 [New I/O client worker #7-1] INFO  o.e.m.c.i.e.AbstractTransferListenerAdapter - Downloaded http://repo.maven.apache.org/maven2/org/apache/maven/maven-repository-metadata/3.0.4/maven-repository-metadata-3.0.4-sources.jar
2012-09-11 17:15:05,427 [main] INFO  c.n.h.c.p.n.NettyAsyncHttpProvider - Number of application's worked threads is 4
2012-09-11 17:15:05,544 [New I/O client worker #8-1] INFO  o.e.m.c.i.e.AbstractTransferListenerAdapter - Downloading http://repo.maven.apache.org/maven2/org/apache/maven/maven-artifact/3.0.4/maven-artifact-3.0.4-sources.jar
2012-09-11 17:15:05,626 [New I/O client worker #8-1] INFO  o.e.m.c.i.e.AbstractTransferListenerAdapter - Downloaded http://repo.maven.apache.org/maven2/org/apache/maven/maven-artifact/3.0.4/maven-artifact-3.0.4-sources.jar
2012-09-11 17:15:05,798 [main] INFO  c.n.h.c.p.n.NettyAsyncHttpProvider - Number of application's worked threads is 4
2012-09-11 17:15:05,888 [New I/O client worker #9-1] INFO  o.e.m.c.i.e.AbstractTransferListenerAdapter - Downloading http://repo.maven.apache.org/maven2/org/apache/maven/maven-plugin-api/3.0.4/maven-plugin-api-3.0.4-sources.jar
2012-09-11 17:15:05,990 [New I/O client worker #9-1] INFO  o.e.m.c.i.e.AbstractTransferListenerAdapter - Downloaded http://repo.maven.apache.org/maven2/org/apache/maven/maven-plugin-api/3.0.4/maven-plugin-api-3.0.4-sources.jar
2012-09-11 17:15:06,154 [main] INFO  c.n.h.c.p.n.NettyAsyncHttpProvider - Number of application's worked threads is 4
2012-09-11 17:15:06,239 [New I/O client worker #10-1] INFO  o.e.m.c.i.e.AbstractTransferListenerAdapter - Downloading http://repo.maven.apache.org/maven2/org/apache/maven/maven-model-builder/3.0.4/maven-model-builder-3.0.4-sources.jar
2012-09-11 17:15:06,439 [New I/O client worker #10-1] INFO  o.e.m.c.i.e.AbstractTransferListenerAdapter - Downloaded http://repo.maven.apache.org/maven2/org/apache/maven/maven-model-builder/3.0.4/maven-model-builder-3.0.4-sources.jar
2012-09-11 17:15:06,603 [main] INFO  c.n.h.c.p.n.NettyAsyncHttpProvider - Number of application's worked threads is 4
2012-09-11 17:15:06,689 [New I/O client worker #11-1] INFO  o.e.m.c.i.e.AbstractTransferListenerAdapter - Downloading http://repo.maven.apache.org/maven2/org/apache/maven/maven-aether-provider/3.0.4/maven-aether-provider-3.0.4-sources.jar
2012-09-11 17:15:06,760 [New I/O client worker #11-1] INFO  o.e.m.c.i.e.AbstractTransferListenerAdapter - Downloaded http://repo.maven.apache.org/maven2/org/apache/maven/maven-aether-provider/3.0.4/maven-aether-provider-3.0.4-sources.jar
2012-09-11 17:15:06,955 [main] INFO  c.n.h.c.p.n.NettyAsyncHttpProvider - Number of application's worked threads is 4
2012-09-11 17:15:07,045 [New I/O client worker #12-1] INFO  o.e.m.c.i.e.AbstractTransferListenerAdapter - Downloading http://repo.maven.apache.org/maven2/org/sonatype/aether/aether-api/1.13.1/aether-api-1.13.1-sources.jar
2012-09-11 17:15:07,203 [New I/O client worker #12-1] INFO  o.e.m.c.i.e.AbstractTransferListenerAdapter - Downloaded http://repo.maven.apache.org/maven2/org/sonatype/aether/aether-api/1.13.1/aether-api-1.13.1-sources.jar
2012-09-11 17:15:07,389 [main] INFO  c.n.h.c.p.n.NettyAsyncHttpProvider - Number of application's worked threads is 4
2012-09-11 17:15:07,480 [New I/O client worker #13-1] INFO  o.e.m.c.i.e.AbstractTransferListenerAdapter - Downloading http://repo.maven.apache.org/maven2/org/sonatype/aether/aether-util/1.13.1/aether-util-1.13.1-sources.jar
2012-09-11 17:15:07,632 [New I/O client worker #13-1] INFO  o.e.m.c.i.e.AbstractTransferListenerAdapter - Downloaded http://repo.maven.apache.org/maven2/org/sonatype/aether/aether-util/1.13.1/aether-util-1.13.1-sources.jar
2012-09-11 17:15:07,823 [main] INFO  c.n.h.c.p.n.NettyAsyncHttpProvider - Number of application's worked threads is 4
2012-09-11 17:15:07,908 [New I/O client worker #14-1] INFO  o.e.m.c.i.e.AbstractTransferListenerAdapter - Downloading http://repo.maven.apache.org/maven2/org/codehaus/plexus/plexus-interpolation/1.14/plexus-interpolation-1.14-sources.jar
2012-09-11 17:15:08,163 [New I/O client worker #14-1] INFO  o.e.m.c.i.e.AbstractTransferListenerAdapter - Downloaded http://repo.maven.apache.org/maven2/org/codehaus/plexus/plexus-interpolation/1.14/plexus-interpolation-1.14-sources.jar
2012-09-11 17:15:08,364 [main] INFO  c.n.h.c.p.n.NettyAsyncHttpProvider - Number of application's worked threads is 4
2012-09-11 17:15:08,448 [New I/O client worker #15-1] INFO  o.e.m.c.i.e.AbstractTransferListenerAdapter - Downloading http://repo.maven.apache.org/maven2/org/codehaus/plexus/plexus-utils/2.0.6/plexus-utils-2.0.6-sources.jar
2012-09-11 17:15:08,799 [New I/O client worker #15-1] INFO  o.e.m.c.i.e.AbstractTransferListenerAdapter - Downloaded http://repo.maven.apache.org/maven2/org/codehaus/plexus/plexus-utils/2.0.6/plexus-utils-2.0.6-sources.jar
2012-09-11 17:15:09,053 [main] INFO  c.n.h.c.p.n.NettyAsyncHttpProvider - Number of application's worked threads is 4
2012-09-11 17:15:09,142 [New I/O client worker #16-1] INFO  o.e.m.c.i.e.AbstractTransferListenerAdapter - Downloading http://repo.maven.apache.org/maven2/org/codehaus/plexus/plexus-component-annotations/1.5.5/plexus-component-annotations-1.5.5-sources.jar
2012-09-11 17:15:09,143 [New I/O client worker #16-1] INFO  o.e.m.c.i.e.AbstractTransferListenerAdapter - Downloaded http://repo.maven.apache.org/maven2/org/codehaus/plexus/plexus-component-annotations/1.5.5/plexus-component-annotations-1.5.5-sources.jar
2012-09-11 17:15:09,547 [main] INFO  c.n.h.c.p.n.NettyAsyncHttpProvider - Number of application's worked threads is 4
2012-09-11 17:15:09,637 [New I/O client worker #17-1] INFO  o.e.m.c.i.e.AbstractTransferListenerAdapter - Downloading http://repo.maven.apache.org/maven2/org/sonatype/plexus/plexus-sec-dispatcher/1.3/plexus-sec-dispatcher-1.3-sources.jar
2012-09-11 17:15:09,680 [New I/O client worker #17-1] INFO  o.e.m.c.i.e.AbstractTransferListenerAdapter - Downloaded http://repo.maven.apache.org/maven2/org/sonatype/plexus/plexus-sec-dispatcher/1.3/plexus-sec-dispatcher-1.3-sources.jar
2012-09-11 17:15:09,973 [main] INFO  c.n.h.c.p.n.NettyAsyncHttpProvider - Number of application's worked threads is 4
2012-09-11 17:15:10,057 [New I/O client worker #18-1] INFO  o.e.m.c.i.e.AbstractTransferListenerAdapter - Downloading http://repo.maven.apache.org/maven2/org/apache/maven/maven-embedder/3.0.4/maven-embedder-3.0.4-sources.jar
2012-09-11 17:15:10,115 [New I/O client worker #18-1] INFO  o.e.m.c.i.e.AbstractTransferListenerAdapter - Downloaded http://repo.maven.apache.org/maven2/org/apache/maven/maven-embedder/3.0.4/maven-embedder-3.0.4-sources.jar
2012-09-11 17:15:10,288 [main] INFO  c.n.h.c.p.n.NettyAsyncHttpProvider - Number of application's worked threads is 4
2012-09-11 17:15:10,455 [New I/O client worker #19-1] INFO  o.e.m.c.i.e.AbstractTransferListenerAdapter - Downloading http://repo.maven.apache.org/maven2/org/sonatype/plexus/plexus-cipher/1.7/plexus-cipher-1.7-sources.jar
2012-09-11 17:15:10,474 [New I/O client worker #19-1] INFO  o.e.m.c.i.e.AbstractTransferListenerAdapter - Downloaded http://repo.maven.apache.org/maven2/org/sonatype/plexus/plexus-cipher/1.7/plexus-cipher-1.7-sources.jar
2012-09-11 17:15:10,667 [main] INFO  c.n.h.c.p.n.NettyAsyncHttpProvider - Number of application's worked threads is 4
2012-09-11 17:15:10,755 [New I/O client worker #20-1] INFO  o.e.m.c.i.e.AbstractTransferListenerAdapter - Downloading http://repo.maven.apache.org/maven2/commons-cli/commons-cli/1.2/commons-cli-1.2-sources.jar
2012-09-11 17:15:10,838 [New I/O client worker #20-1] INFO  o.e.m.c.i.e.AbstractTransferListenerAdapter - Downloaded http://repo.maven.apache.org/maven2/commons-cli/commons-cli/1.2/commons-cli-1.2-sources.jar
2012-09-11 17:15:11,127 [main] INFO  c.n.h.c.p.n.NettyAsyncHttpProvider - Number of application's worked threads is 4
2012-09-11 17:15:11,219 [New I/O client worker #21-1] INFO  o.e.m.c.i.e.AbstractTransferListenerAdapter - Downloading http://repo.maven.apache.org/maven2/org/apache/maven/maven-compat/3.0.4/maven-compat-3.0.4-sources.jar
2012-09-11 17:15:11,561 [New I/O client worker #21-1] INFO  o.e.m.c.i.e.AbstractTransferListenerAdapter - Downloaded http://repo.maven.apache.org/maven2/org/apache/maven/maven-compat/3.0.4/maven-compat-3.0.4-sources.jar
2012-09-11 17:15:11,779 [main] INFO  c.n.h.c.p.n.NettyAsyncHttpProvider - Number of application's worked threads is 4
2012-09-11 17:15:11,885 [New I/O client worker #22-1] INFO  o.e.m.c.i.e.AbstractTransferListenerAdapter - Downloading http://repo.maven.apache.org/maven2/org/apache/maven/wagon/wagon-provider-api/2.2/wagon-provider-api-2.2-sources.jar
2012-09-11 17:15:11,991 [New I/O client worker #22-1] INFO  o.e.m.c.i.e.AbstractTransferListenerAdapter - Downloaded http://repo.maven.apache.org/maven2/org/apache/maven/wagon/wagon-provider-api/2.2/wagon-provider-api-2.2-sources.jar
2012-09-11 17:15:12,206 [main] INFO  c.n.h.c.p.n.NettyAsyncHttpProvider - Number of application's worked threads is 4
2012-09-11 17:15:12,290 [New I/O client worker #23-1] INFO  o.e.m.c.i.e.AbstractTransferListenerAdapter - Downloading http://repo.maven.apache.org/maven2/org/sonatype/sisu/inject/guice-plexus-shim/2.3.0/guice-plexus-shim-2.3.0-sources.jar
2012-09-11 17:15:12,453 [New I/O client worker #23-1] INFO  o.e.m.c.i.e.AbstractTransferListenerAdapter - Downloaded http://repo.maven.apache.org/maven2/org/sonatype/sisu/inject/guice-plexus-shim/2.3.0/guice-plexus-shim-2.3.0-sources.jar
2012-09-11 17:15:12,661 [main] INFO  c.n.h.c.p.n.NettyAsyncHttpProvider - Number of application's worked threads is 4
2012-09-11 17:15:12,747 [New I/O client worker #24-1] INFO  o.e.m.c.i.e.AbstractTransferListenerAdapter - Downloading http://repo.maven.apache.org/maven2/org/sonatype/sisu/inject/guice-bean-reflect/2.3.0/guice-bean-reflect-2.3.0-sources.jar
2012-09-11 17:15:12,818 [New I/O client worker #24-1] INFO  o.e.m.c.i.e.AbstractTransferListenerAdapter - Downloaded http://repo.maven.apache.org/maven2/org/sonatype/sisu/inject/guice-bean-reflect/2.3.0/guice-bean-reflect-2.3.0-sources.jar
2012-09-11 17:15:12,980 [main] INFO  c.n.h.c.p.n.NettyAsyncHttpProvider - Number of application's worked threads is 4
2012-09-11 17:15:13,064 [New I/O client worker #25-1] INFO  o.e.m.c.i.e.AbstractTransferListenerAdapter - Downloading http://repo.maven.apache.org/maven2/org/sonatype/sisu/inject/guice-bean-locators/2.3.0/guice-bean-locators-2.3.0-sources.jar
2012-09-11 17:15:13,131 [New I/O client worker #25-1] INFO  o.e.m.c.i.e.AbstractTransferListenerAdapter - Downloaded http://repo.maven.apache.org/maven2/org/sonatype/sisu/inject/guice-bean-locators/2.3.0/guice-bean-locators-2.3.0-sources.jar
2012-09-11 17:15:13,304 [main] INFO  c.n.h.c.p.n.NettyAsyncHttpProvider - Number of application's worked threads is 4
2012-09-11 17:15:13,389 [New I/O client worker #26-1] INFO  o.e.m.c.i.e.AbstractTransferListenerAdapter - Downloading http://repo.maven.apache.org/maven2/org/sonatype/sisu/inject/guice-bean-binders/2.3.0/guice-bean-binders-2.3.0-sources.jar
2012-09-11 17:15:13,444 [New I/O client worker #26-1] INFO  o.e.m.c.i.e.AbstractTransferListenerAdapter - Downloaded http://repo.maven.apache.org/maven2/org/sonatype/sisu/inject/guice-bean-binders/2.3.0/guice-bean-binders-2.3.0-sources.jar
2012-09-11 17:15:13,619 [main] INFO  c.n.h.c.p.n.NettyAsyncHttpProvider - Number of application's worked threads is 4
2012-09-11 17:15:13,702 [New I/O client worker #27-1] INFO  o.e.m.c.i.e.AbstractTransferListenerAdapter - Downloading http://repo.maven.apache.org/maven2/org/sonatype/sisu/inject/guice-bean-scanners/2.3.0/guice-bean-scanners-2.3.0-sources.jar
2012-09-11 17:15:13,872 [New I/O client worker #27-1] INFO  o.e.m.c.i.e.AbstractTransferListenerAdapter - Downloaded http://repo.maven.apache.org/maven2/org/sonatype/sisu/inject/guice-bean-scanners/2.3.0/guice-bean-scanners-2.3.0-sources.jar
2012-09-11 17:15:14,049 [main] INFO  c.n.h.c.p.n.NettyAsyncHttpProvider - Number of application's worked threads is 4
2012-09-11 17:15:14,136 [New I/O client worker #28-1] INFO  o.e.m.c.i.e.AbstractTransferListenerAdapter - Downloading http://repo.maven.apache.org/maven2/org/sonatype/sisu/inject/guice-bean-converters/2.3.0/guice-bean-converters-2.3.0-sources.jar
2012-09-11 17:15:14,137 [New I/O client worker #28-1] INFO  o.e.m.c.i.e.AbstractTransferListenerAdapter - Downloaded http://repo.maven.apache.org/maven2/org/sonatype/sisu/inject/guice-bean-converters/2.3.0/guice-bean-converters-2.3.0-sources.jar
2012-09-11 17:15:14,297 [main] INFO  c.n.h.c.p.n.NettyAsyncHttpProvider - Number of application's worked threads is 4
2012-09-11 17:15:14,404 [New I/O client worker #29-1] INFO  o.e.m.c.i.e.AbstractTransferListenerAdapter - Downloading http://repo.maven.apache.org/maven2/org/sonatype/sisu/inject/guice-plexus-metadata/2.3.0/guice-plexus-metadata-2.3.0-sources.jar
2012-09-11 17:15:14,845 [New I/O client worker #29-1] INFO  o.e.m.c.i.e.AbstractTransferListenerAdapter - Downloaded http://repo.maven.apache.org/maven2/org/sonatype/sisu/inject/guice-plexus-metadata/2.3.0/guice-plexus-metadata-2.3.0-sources.jar
2012-09-11 17:15:15,034 [main] INFO  c.n.h.c.p.n.NettyAsyncHttpProvider - Number of application's worked threads is 4
2012-09-11 17:15:15,124 [New I/O client worker #30-1] INFO  o.e.m.c.i.e.AbstractTransferListenerAdapter - Downloading http://repo.maven.apache.org/maven2/org/sonatype/sisu/inject/guice-plexus-converters/2.3.0/guice-plexus-converters-2.3.0-sources.jar
2012-09-11 17:15:15,125 [New I/O client worker #30-1] INFO  o.e.m.c.i.e.AbstractTransferListenerAdapter - Downloaded http://repo.maven.apache.org/maven2/org/sonatype/sisu/inject/guice-plexus-converters/2.3.0/guice-plexus-converters-2.3.0-sources.jar
2012-09-11 17:15:15,296 [main] INFO  c.n.h.c.p.n.NettyAsyncHttpProvider - Number of application's worked threads is 4
2012-09-11 17:15:15,389 [New I/O client worker #31-1] INFO  o.e.m.c.i.e.AbstractTransferListenerAdapter - Downloading http://repo.maven.apache.org/maven2/org/sonatype/sisu/inject/guice-plexus-locators/2.3.0/guice-plexus-locators-2.3.0-sources.jar
2012-09-11 17:15:15,390 [New I/O client worker #31-1] INFO  o.e.m.c.i.e.AbstractTransferListenerAdapter - Downloaded http://repo.maven.apache.org/maven2/org/sonatype/sisu/inject/guice-plexus-locators/2.3.0/guice-plexus-locators-2.3.0-sources.jar
2012-09-11 17:15:15,601 [main] INFO  c.n.h.c.p.n.NettyAsyncHttpProvider - Number of application's worked threads is 4
2012-09-11 17:15:15,690 [New I/O client worker #32-1] INFO  o.e.m.c.i.e.AbstractTransferListenerAdapter - Downloading http://repo.maven.apache.org/maven2/org/sonatype/sisu/inject/guice-plexus-binders/2.3.0/guice-plexus-binders-2.3.0-sources.jar
2012-09-11 17:15:15,707 [New I/O client worker #32-1] INFO  o.e.m.c.i.e.AbstractTransferListenerAdapter - Downloaded http://repo.maven.apache.org/maven2/org/sonatype/sisu/inject/guice-plexus-binders/2.3.0/guice-plexus-binders-2.3.0-sources.jar
2012-09-11 17:15:15,857 [main] INFO  c.n.h.c.p.n.NettyAsyncHttpProvider - Number of application's worked threads is 4
2012-09-11 17:15:15,954 [New I/O client worker #33-1] INFO  o.e.m.c.i.e.AbstractTransferListenerAdapter - Downloading http://repo.maven.apache.org/maven2/org/sonatype/sisu/inject/guice-bean-inject/2.3.0/guice-bean-inject-2.3.0-sources.jar
2012-09-11 17:15:15,955 [New I/O client worker #33-1] INFO  o.e.m.c.i.e.AbstractTransferListenerAdapter - Downloaded http://repo.maven.apache.org/maven2/org/sonatype/sisu/inject/guice-bean-inject/2.3.0/guice-bean-inject-2.3.0-sources.jar
2012-09-11 17:15:16,102 [main] INFO  c.n.h.c.p.n.NettyAsyncHttpProvider - Number of application's worked threads is 4
2012-09-11 17:15:16,191 [New I/O client worker #34-1] INFO  o.e.m.c.i.e.AbstractTransferListenerAdapter - Downloading http://repo.maven.apache.org/maven2/org/sonatype/sisu/inject/guice-plexus-scanners/2.3.0/guice-plexus-scanners-2.3.0-sources.jar
2012-09-11 17:15:16,205 [New I/O client worker #34-1] INFO  o.e.m.c.i.e.AbstractTransferListenerAdapter - Downloaded http://repo.maven.apache.org/maven2/org/sonatype/sisu/inject/guice-plexus-scanners/2.3.0/guice-plexus-scanners-2.3.0-sources.jar
2012-09-11 17:15:16,368 [main] INFO  c.n.h.c.p.n.NettyAsyncHttpProvider - Number of application's worked threads is 4
2012-09-11 17:15:16,456 [New I/O client worker #35-1] INFO  o.e.m.c.i.e.AbstractTransferListenerAdapter - Downloading http://repo.maven.apache.org/maven2/org/sonatype/sisu/inject/guice-plexus-lifecycles/2.3.0/guice-plexus-lifecycles-2.3.0-sources.jar
2012-09-11 17:15:16,473 [New I/O client worker #35-1] INFO  o.e.m.c.i.e.AbstractTransferListenerAdapter - Downloaded http://repo.maven.apache.org/maven2/org/sonatype/sisu/inject/guice-plexus-lifecycles/2.3.0/guice-plexus-lifecycles-2.3.0-sources.jar
2012-09-11 17:15:16,681 [main] INFO  c.n.h.c.p.n.NettyAsyncHttpProvider - Number of application's worked threads is 4
2012-09-11 17:15:16,860 [New I/O client worker #36-1] INFO  o.e.m.c.i.e.AbstractTransferListenerAdapter - Downloading http://repo.maven.apache.org/maven2/com/google/guava/guava/10.0.1/guava-10.0.1-sources.jar
2012-09-11 17:15:18,000 [New I/O client worker #36-1] INFO  o.e.m.c.i.e.AbstractTransferListenerAdapter - Downloaded http://repo.maven.apache.org/maven2/com/google/guava/guava/10.0.1/guava-10.0.1-sources.jar
2012-09-11 17:15:18,604 [main] INFO  c.n.h.c.p.n.NettyAsyncHttpProvider - Number of application's worked threads is 4
2012-09-11 17:15:18,687 [New I/O client worker #37-1] INFO  o.e.m.c.i.e.AbstractTransferListenerAdapter - Downloading http://repo.maven.apache.org/maven2/org/sonatype/aether/aether-connector-wagon/1.13.1/aether-connector-wagon-1.13.1-sources.jar
2012-09-11 17:15:18,704 [New I/O client worker #37-1] INFO  o.e.m.c.i.e.AbstractTransferListenerAdapter - Downloaded http://repo.maven.apache.org/maven2/org/sonatype/aether/aether-connector-wagon/1.13.1/aether-connector-wagon-1.13.1-sources.jar
2012-09-11 17:15:18,913 [main] INFO  c.n.h.c.p.n.NettyAsyncHttpProvider - Number of application's worked threads is 4
2012-09-11 17:15:19,012 [New I/O client worker #38-1] INFO  o.e.m.c.i.e.AbstractTransferListenerAdapter - Downloading http://repo.maven.apache.org/maven2/org/sonatype/aether/aether-spi/1.13.1/aether-spi-1.13.1-sources.jar
2012-09-11 17:15:19,052 [New I/O client worker #38-1] INFO  o.e.m.c.i.e.AbstractTransferListenerAdapter - Downloaded http://repo.maven.apache.org/maven2/org/sonatype/aether/aether-spi/1.13.1/aether-spi-1.13.1-sources.jar
2012-09-11 17:15:19,235 [main] INFO  c.n.h.c.p.n.NettyAsyncHttpProvider - Number of application's worked threads is 4
2012-09-11 17:15:19,498 [New I/O client worker #39-1] INFO  o.e.m.c.i.e.AbstractTransferListenerAdapter - Downloading http://repo.maven.apache.org/maven2/org/sonatype/aether/aether-impl/1.13.1/aether-impl-1.13.1-sources.jar
2012-09-11 17:15:19,618 [New I/O client worker #39-1] INFO  o.e.m.c.i.e.AbstractTransferListenerAdapter - Downloaded http://repo.maven.apache.org/maven2/org/sonatype/aether/aether-impl/1.13.1/aether-impl-1.13.1-sources.jar
2012-09-11 17:15:19,834 [main] INFO  c.n.h.c.p.n.NettyAsyncHttpProvider - Number of application's worked threads is 4
2012-09-11 17:15:19,916 [New I/O client worker #40-1] INFO  o.e.m.c.i.e.AbstractTransferListenerAdapter - Downloading http://repo.maven.apache.org/maven2/org/sonatype/aether/aether-connector-asynchttpclient/1.13.1/aether-connector-asynchttpclient-1.13.1-sources.jar
2012-09-11 17:15:19,958 [New I/O client worker #40-1] INFO  o.e.m.c.i.e.AbstractTransferListenerAdapter - Downloaded http://repo.maven.apache.org/maven2/org/sonatype/aether/aether-connector-asynchttpclient/1.13.1/aether-connector-asynchttpclient-1.13.1-sources.jar
2012-09-11 17:15:20,156 [main] INFO  c.n.h.c.p.n.NettyAsyncHttpProvider - Number of application's worked threads is 4
2012-09-11 17:15:20,300 [New I/O client worker #41-1] INFO  o.e.m.c.i.e.AbstractTransferListenerAdapter - Downloading http://repo.maven.apache.org/maven2/org/sonatype/maven/wagon-ahc/1.2.1/wagon-ahc-1.2.1-sources.jar
2012-09-11 17:15:20,312 [New I/O client worker #41-1] INFO  o.e.m.c.i.e.AbstractTransferListenerAdapter - Downloaded http://repo.maven.apache.org/maven2/org/sonatype/maven/wagon-ahc/1.2.1/wagon-ahc-1.2.1-sources.jar
2012-09-11 17:15:20,712 [main] INFO  c.n.h.c.p.n.NettyAsyncHttpProvider - Number of application's worked threads is 4
2012-09-11 17:15:20,854 [New I/O client worker #42-1] INFO  o.e.m.c.i.e.AbstractTransferListenerAdapter - Downloading http://repo.maven.apache.org/maven2/org/apache/maven/wagon/wagon-file/2.2/wagon-file-2.2-sources.jar
2012-09-11 17:15:21,219 [New I/O client worker #42-1] INFO  o.e.m.c.i.e.AbstractTransferListenerAdapter - Downloaded http://repo.maven.apache.org/maven2/org/apache/maven/wagon/wagon-file/2.2/wagon-file-2.2-sources.jar
2012-09-11 17:15:22,262 [main] INFO  c.n.h.c.p.n.NettyAsyncHttpProvider - Number of application's worked threads is 4
2012-09-11 17:15:22,381 [New I/O client worker #43-1] INFO  o.e.m.c.i.e.AbstractTransferListenerAdapter - Downloading http://repo.maven.apache.org/maven2/com/ning/async-http-client/1.6.5/async-http-client-1.6.5-sources.jar
2012-09-11 17:15:22,700 [New I/O client worker #43-1] INFO  o.e.m.c.i.e.AbstractTransferListenerAdapter - Downloaded http://repo.maven.apache.org/maven2/com/ning/async-http-client/1.6.5/async-http-client-1.6.5-sources.jar
2012-09-11 17:15:22,977 [main] INFO  c.n.h.c.p.n.NettyAsyncHttpProvider - Number of application's worked threads is 4
2012-09-11 17:15:23,088 [New I/O client worker #44-1] INFO  o.e.m.c.i.e.AbstractTransferListenerAdapter - Downloading http://repo.maven.apache.org/maven2/org/jboss/netty/netty/3.2.5.Final/netty-3.2.5.Final-sources.jar
2012-09-11 17:15:24,142 [New I/O client worker #44-1] INFO  o.e.m.c.i.e.AbstractTransferListenerAdapter - Downloaded http://repo.maven.apache.org/maven2/org/jboss/netty/netty/3.2.5.Final/netty-3.2.5.Final-sources.jar
2012-09-11 17:15:54,244 [Worker-20] INFO  o.e.m.i.launch.MavenLaunchDelegate - /home/adas/at/projekt/SchedulerMav/schedulet
2012-09-11 17:15:54,245 [Worker-20] INFO  o.e.m.i.launch.MavenLaunchDelegate -  mvn  -B 
2012-09-11 17:18:28,825 [main] INFO  org.mortbay.log - Logging to Logger[org.mortbay.log] via org.mortbay.log.Slf4jLog
2012-09-11 17:18:51,461 [Worker-5] INFO  o.e.m.c.i.i.nexus.NexusIndexManager - Updating index for repository: central|http://repo.maven.apache.org/maven2
2012-09-11 17:18:52,560 [Worker-5] INFO  c.n.h.c.p.n.NettyAsyncHttpProvider - Number of application's worked threads is 4
2012-09-11 17:19:11,365 [Worker-5] INFO  o.e.m.c.i.i.nexus.NexusIndexManager - Updated index for repository: central|http://repo.maven.apache.org/maven2 in 19921 ms
2012-09-11 17:19:12,552 [Worker-3] INFO  o.e.m.c.i.l.LifecycleMappingFactory - Using org.eclipse.m2e.jdt.JarLifecycleMapping lifecycle mapping for MavenProject: com.vaadin:schedule:1.0 @ /home/adas/at/projekt/SchedulerMav/schedulet/pom.xml.
2012-09-11 17:19:15,714 [Worker-3] INFO  o.e.m.c.i.embedder.EclipseLogger - Using 'UTF-8' encoding to copy filtered resources.
2012-09-11 17:19:15,810 [Worker-3] INFO  o.e.m.c.i.embedder.EclipseLogger - Copying 1 resource
2012-09-11 17:19:15,866 [Worker-3] INFO  o.e.m.c.i.embedder.EclipseLogger - Using 'UTF-8' encoding to copy filtered resources.
2012-09-11 17:19:15,941 [Worker-3] INFO  o.e.m.c.i.embedder.EclipseLogger - skip non existing resourceDirectory /home/adas/at/projekt/SchedulerMav/schedulet/src/test/resources
2012-09-11 17:37:06,839 [Worker-4] INFO  o.e.m.c.i.l.LifecycleMappingFactory - Using org.eclipse.m2e.jdt.JarLifecycleMapping lifecycle mapping for MavenProject: com.vaadin:schedule:1.0 @ /home/adas/at/projekt/SchedulerMav/schedulet/pom.xml.
2012-09-11 17:37:07,862 [Worker-4] INFO  o.e.m.c.i.embedder.EclipseLogger - Using 'UTF-8' encoding to copy filtered resources.
2012-09-11 17:37:07,891 [Worker-4] INFO  o.e.m.c.i.embedder.EclipseLogger - Copying 0 resource
2012-09-11 17:37:07,905 [Worker-4] INFO  o.e.m.c.i.embedder.EclipseLogger - Using 'UTF-8' encoding to copy filtered resources.
2012-09-11 17:37:07,906 [Worker-4] INFO  o.e.m.c.i.embedder.EclipseLogger - skip non existing resourceDirectory /home/adas/at/projekt/SchedulerMav/schedulet/src/test/resources
2012-09-11 17:37:13,959 [Worker-13] INFO  o.e.m.c.i.l.LifecycleMappingFactory - Using org.eclipse.m2e.jdt.JarLifecycleMapping lifecycle mapping for MavenProject: com.vaadin:schedule:1.0 @ /home/adas/at/projekt/SchedulerMav/schedulet/pom.xml.
2012-09-11 17:37:14,198 [Worker-13] INFO  o.e.m.c.i.embedder.EclipseLogger - Using 'UTF-8' encoding to copy filtered resources.
2012-09-11 17:37:14,199 [Worker-13] INFO  o.e.m.c.i.embedder.EclipseLogger - Copying 0 resource
2012-09-11 17:37:14,205 [Worker-13] INFO  o.e.m.c.i.embedder.EclipseLogger - Using 'UTF-8' encoding to copy filtered resources.
2012-09-11 17:37:14,205 [Worker-13] INFO  o.e.m.c.i.embedder.EclipseLogger - skip non existing resourceDirectory /home/adas/at/projekt/SchedulerMav/schedulet/src/test/resources
2012-09-11 17:37:23,726 [Worker-3] INFO  o.e.m.c.i.l.LifecycleMappingFactory - Using org.eclipse.m2e.jdt.JarLifecycleMapping lifecycle mapping for MavenProject: com.vaadin:schedule:1.0 @ /home/adas/at/projekt/SchedulerMav/schedule/pom.xml.
2012-09-11 17:37:24,230 [Worker-3] INFO  o.e.m.c.i.embedder.EclipseLogger - Using 'UTF-8' encoding to copy filtered resources.
2012-09-11 17:37:24,253 [Worker-3] INFO  o.e.m.c.i.embedder.EclipseLogger - Copying 12 resources
2012-09-11 17:37:24,335 [Worker-3] INFO  o.e.m.c.i.embedder.EclipseLogger - Using 'UTF-8' encoding to copy filtered resources.
2012-09-11 17:37:24,335 [Worker-3] INFO  o.e.m.c.i.embedder.EclipseLogger - skip non existing resourceDirectory /home/adas/at/projekt/SchedulerMav/schedule/src/test/resources
2012-09-11 17:37:58,456 [Worker-16] INFO  o.e.m.c.i.l.LifecycleMappingFactory - Using org.eclipse.m2e.jdt.JarLifecycleMapping lifecycle mapping for MavenProject: com.vaadin:schedule:1.0 @ /home/adas/at/projekt/SchedulerMav/schedule/pom.xml.
2012-09-11 17:37:58,651 [Worker-16] INFO  o.e.m.c.i.embedder.EclipseLogger - Using 'UTF-8' encoding to copy filtered resources.
2012-09-11 17:37:58,652 [Worker-16] INFO  o.e.m.c.i.embedder.EclipseLogger - Copying 0 resource
2012-09-11 17:37:58,657 [Worker-16] INFO  o.e.m.c.i.embedder.EclipseLogger - Using 'UTF-8' encoding to copy filtered resources.
2012-09-11 17:37:58,657 [Worker-16] INFO  o.e.m.c.i.embedder.EclipseLogger - skip non existing resourceDirectory /home/adas/at/projekt/SchedulerMav/schedule/src/test/resources
2012-09-11 17:38:08,598 [Worker-15] INFO  o.e.m.c.i.l.LifecycleMappingFactory - Using org.eclipse.m2e.jdt.JarLifecycleMapping lifecycle mapping for MavenProject: com.vaadin:schedule:1.0 @ /home/adas/at/projekt/SchedulerMav/schedule/pom.xml.
2012-09-11 17:38:08,787 [Worker-15] INFO  o.e.m.c.i.embedder.EclipseLogger - Using 'UTF-8' encoding to copy filtered resources.
2012-09-11 17:38:08,787 [Worker-15] INFO  o.e.m.c.i.embedder.EclipseLogger - Copying 0 resource
2012-09-11 17:38:08,791 [Worker-15] INFO  o.e.m.c.i.embedder.EclipseLogger - Using 'UTF-8' encoding to copy filtered resources.
2012-09-11 17:38:08,792 [Worker-15] INFO  o.e.m.c.i.embedder.EclipseLogger - skip non existing resourceDirectory /home/adas/at/projekt/SchedulerMav/schedule/src/test/resources
2012-09-11 17:38:52,239 [Worker-18] INFO  o.e.m.i.launch.MavenLaunchDelegate - /home/adas/at/projekt/SchedulerMav/schedulet
2012-09-11 17:38:52,240 [Worker-18] INFO  o.e.m.i.launch.MavenLaunchDelegate -  mvn  -B 
2012-09-11 17:39:23,210 [Worker-13] INFO  o.e.m.c.i.p.ProjectConfigurationManager - Update started
2012-09-11 17:39:23,296 [Worker-13] INFO  o.e.m.c.i.l.LifecycleMappingFactory - Using org.eclipse.m2e.jdt.JarLifecycleMapping lifecycle mapping for MavenProject: com.vaadin:schedule:1.0 @ /home/adas/at/projekt/SchedulerMav/schedule/pom.xml.
2012-09-11 17:39:23,560 [Worker-13] INFO  o.e.m.c.i.l.LifecycleMappingFactory - Using org.eclipse.m2e.jdt.JarLifecycleMapping lifecycle mapping for MavenProject: com.vaadin:schedule:1.0 @ /home/adas/at/projekt/SchedulerMav/schedulet/pom.xml.
2012-09-11 17:39:23,830 [Worker-13] INFO  o.e.m.j.i.AbstractJavaProjectConfigurator - Adding source folder /schedule/src/main/java
2012-09-11 17:39:23,831 [Worker-13] INFO  o.e.m.j.i.AbstractJavaProjectConfigurator - Adding resource folder /schedule/src/main/resources
2012-09-11 17:39:23,833 [Worker-13] INFO  o.e.m.j.i.AbstractJavaProjectConfigurator - Adding source folder /schedule/src/test/java
2012-09-11 17:39:24,079 [Worker-13] INFO  o.e.m.j.i.AbstractJavaProjectConfigurator - Adding source folder /schedulet/src/main/java
2012-09-11 17:39:24,079 [Worker-13] INFO  o.e.m.j.i.AbstractJavaProjectConfigurator - Adding resource folder /schedulet/src/main/resources
2012-09-11 17:39:24,080 [Worker-13] INFO  o.e.m.j.i.AbstractJavaProjectConfigurator - Adding source folder /schedulet/src/test/java
2012-09-11 17:39:24,207 [Worker-13] INFO  o.e.m.c.i.p.ProjectConfigurationManager - Update completed: 0 sec
2012-09-11 17:39:31,012 [Worker-18] INFO  o.e.m.c.i.l.LifecycleMappingFactory - Using org.eclipse.m2e.jdt.JarLifecycleMapping lifecycle mapping for MavenProject: com.vaadin:schedule:1.0 @ /home/adas/at/projekt/SchedulerMav/schedule/pom.xml.
2012-09-11 17:39:31,264 [Worker-18] INFO  o.e.m.c.i.embedder.EclipseLogger - Using 'UTF-8' encoding to copy filtered resources.
2012-09-11 17:39:31,281 [Worker-18] INFO  o.e.m.c.i.embedder.EclipseLogger - Copying 12 resources
2012-09-11 17:39:31,666 [Worker-18] INFO  o.e.m.c.i.embedder.EclipseLogger - Using 'UTF-8' encoding to copy filtered resources.
2012-09-11 17:39:31,667 [Worker-18] INFO  o.e.m.c.i.embedder.EclipseLogger - skip non existing resourceDirectory /home/adas/at/projekt/SchedulerMav/schedule/src/test/resources
2012-09-11 17:39:32,641 [Worker-18] INFO  o.e.m.c.i.embedder.EclipseLogger - Using 'UTF-8' encoding to copy filtered resources.
2012-09-11 17:39:32,650 [Worker-18] INFO  o.e.m.c.i.embedder.EclipseLogger - Copying 1 resource
2012-09-11 17:39:32,656 [Worker-18] INFO  o.e.m.c.i.embedder.EclipseLogger - Using 'UTF-8' encoding to copy filtered resources.
2012-09-11 17:39:32,656 [Worker-18] INFO  o.e.m.c.i.embedder.EclipseLogger - skip non existing resourceDirectory /home/adas/at/projekt/SchedulerMav/schedulet/src/test/resources
2012-09-11 17:39:59,454 [Worker-3] INFO  o.e.m.c.i.embedder.EclipseLogger - Using 'UTF-8' encoding to copy filtered resources.
2012-09-11 17:39:59,456 [Worker-3] INFO  o.e.m.c.i.embedder.EclipseLogger - Copying 1 resource
2012-09-11 17:39:59,479 [Worker-3] INFO  o.e.m.c.i.embedder.EclipseLogger - Using 'UTF-8' encoding to copy filtered resources.
2012-09-11 17:39:59,479 [Worker-3] INFO  o.e.m.c.i.embedder.EclipseLogger - skip non existing resourceDirectory /home/adas/at/projekt/SchedulerMav/schedulet/src/test/resources
2012-09-11 17:40:02,960 [Worker-4] INFO  o.e.m.i.launch.MavenLaunchDelegate - /home/adas/at/projekt/SchedulerMav/schedulet
2012-09-11 17:40:02,961 [Worker-4] INFO  o.e.m.i.launch.MavenLaunchDelegate -  mvn  -B 
2012-09-11 17:40:51,359 [Worker-12] INFO  o.e.m.i.launch.MavenLaunchDelegate - /home/adas/at/projekt/SchedulerMav/schedulet
2012-09-11 17:40:51,359 [Worker-12] INFO  o.e.m.i.launch.MavenLaunchDelegate -  mvn  -B 
2012-09-11 17:41:12,443 [Worker-4] INFO  o.e.m.c.i.l.LifecycleMappingFactory - Using org.eclipse.m2e.jdt.JarLifecycleMapping lifecycle mapping for MavenProject: com.vaadin:schedulet:1.0 @ /home/adas/at/projekt/SchedulerMav/schedulet/pom.xml.
2012-09-11 17:41:12,761 [Worker-4] INFO  o.e.m.c.i.embedder.EclipseLogger - Using 'UTF-8' encoding to copy filtered resources.
2012-09-11 17:41:12,762 [Worker-4] INFO  o.e.m.c.i.embedder.EclipseLogger - Copying 0 resource
2012-09-11 17:41:12,767 [Worker-4] INFO  o.e.m.c.i.embedder.EclipseLogger - Using 'UTF-8' encoding to copy filtered resources.
2012-09-11 17:41:12,767 [Worker-4] INFO  o.e.m.c.i.embedder.EclipseLogger - skip non existing resourceDirectory /home/adas/at/projekt/SchedulerMav/schedulet/src/test/resources
2012-09-11 17:41:21,226 [Worker-15] INFO  o.e.m.i.launch.MavenLaunchDelegate - /home/adas/at/projekt/SchedulerMav/schedulet
2012-09-11 17:41:21,226 [Worker-15] INFO  o.e.m.i.launch.MavenLaunchDelegate -  mvn  -B 
2012-09-11 17:54:39,406 [Worker-18] INFO  o.e.m.c.i.l.LifecycleMappingFactory - Using org.eclipse.m2e.jdt.JarLifecycleMapping lifecycle mapping for MavenProject: com.vaadin:schedulet:1.0 @ /home/adas/at/projekt/SchedulerMav/schedulet/pom.xml.
2012-09-11 17:54:40,436 [Worker-18] INFO  o.e.m.c.i.embedder.EclipseLogger - Using 'UTF-8' encoding to copy filtered resources.
2012-09-11 17:54:40,436 [Worker-18] INFO  o.e.m.c.i.embedder.EclipseLogger - Copying 0 resource
2012-09-11 17:54:40,440 [Worker-18] INFO  o.e.m.c.i.embedder.EclipseLogger - Using 'UTF-8' encoding to copy filtered resources.
2012-09-11 17:54:40,440 [Worker-18] INFO  o.e.m.c.i.embedder.EclipseLogger - skip non existing resourceDirectory /home/adas/at/projekt/SchedulerMav/schedulet/src/test/resources
2012-09-11 17:56:14,156 [Worker-21] INFO  o.e.m.i.launch.MavenLaunchDelegate - /home/adas/at/projekt/SchedulerMav/schedulet
2012-09-11 17:56:14,156 [Worker-21] INFO  o.e.m.i.launch.MavenLaunchDelegate -  mvn  -B 
2012-09-11 17:59:58,157 [Worker-26] INFO  o.e.m.i.launch.MavenLaunchDelegate - /home/adas/at/projekt/SchedulerMav/schedule
2012-09-11 17:59:58,158 [Worker-26] INFO  o.e.m.i.launch.MavenLaunchDelegate -  mvn  -B 
2012-09-11 18:01:32,405 [Worker-27] INFO  o.e.m.i.launch.MavenLaunchDelegate - /home/adas/at/projekt/SchedulerMav/schedule
2012-09-11 18:01:32,423 [Worker-27] INFO  o.e.m.i.launch.MavenLaunchDelegate -  mvn  -B 
2012-09-11 18:02:06,430 [Worker-28] INFO  o.e.m.i.launch.MavenLaunchDelegate - /home/adas/at/projekt/SchedulerMav/schedule
2012-09-11 18:02:06,431 [Worker-28] INFO  o.e.m.i.launch.MavenLaunchDelegate -  mvn  -B 
2012-09-11 18:04:04,781 [Worker-28] INFO  o.e.m.c.i.l.LifecycleMappingFactory - Using org.eclipse.m2e.jdt.JarLifecycleMapping lifecycle mapping for MavenProject: com.vaadin:schedule:1.112 @ /home/adas/at/projekt/SchedulerMav/schedule/pom.xml.
2012-09-11 18:04:05,324 [Worker-28] INFO  o.e.m.c.i.embedder.EclipseLogger - Using 'UTF-8' encoding to copy filtered resources.
2012-09-11 18:04:05,325 [Worker-28] INFO  o.e.m.c.i.embedder.EclipseLogger - Copying 0 resource
2012-09-11 18:04:05,329 [Worker-28] INFO  o.e.m.c.i.embedder.EclipseLogger - Using 'UTF-8' encoding to copy filtered resources.
2012-09-11 18:04:05,330 [Worker-28] INFO  o.e.m.c.i.embedder.EclipseLogger - skip non existing resourceDirectory /home/adas/at/projekt/SchedulerMav/schedule/src/test/resources
2012-09-11 18:04:22,020 [Worker-28] INFO  o.e.m.i.launch.MavenLaunchDelegate - /home/adas/at/projekt/SchedulerMav/schedule
2012-09-11 18:04:22,020 [Worker-28] INFO  o.e.m.i.launch.MavenLaunchDelegate -  mvn  -B test
2012-09-11 18:04:31,222 [Worker-32] INFO  o.e.m.c.i.embedder.EclipseLogger - Using 'UTF-8' encoding to copy filtered resources.
2012-09-11 18:04:31,229 [Worker-32] INFO  o.e.m.c.i.embedder.EclipseLogger - Copying 12 resources
2012-09-11 18:04:31,234 [Worker-32] INFO  o.e.m.c.i.embedder.EclipseLogger - Using 'UTF-8' encoding to copy filtered resources.
2012-09-11 18:04:31,234 [Worker-32] INFO  o.e.m.c.i.embedder.EclipseLogger - skip non existing resourceDirectory /home/adas/at/projekt/SchedulerMav/schedule/src/test/resources
2012-09-11 18:04:44,880 [Worker-32] INFO  o.e.m.c.i.l.LifecycleMappingFactory - Using org.eclipse.m2e.jdt.JarLifecycleMapping lifecycle mapping for MavenProject: com.vaadin:schedule:1.112 @ /home/adas/at/projekt/SchedulerMav/schedule/pom.xml.
2012-09-11 18:04:45,083 [Worker-32] INFO  o.e.m.c.i.embedder.EclipseLogger - Using 'UTF-8' encoding to copy filtered resources.
2012-09-11 18:04:45,084 [Worker-32] INFO  o.e.m.c.i.embedder.EclipseLogger - Copying 0 resource
2012-09-11 18:04:45,097 [Worker-32] INFO  o.e.m.c.i.embedder.EclipseLogger - Using 'UTF-8' encoding to copy filtered resources.
2012-09-11 18:04:45,097 [Worker-32] INFO  o.e.m.c.i.embedder.EclipseLogger - skip non existing resourceDirectory /home/adas/at/projekt/SchedulerMav/schedule/src/test/resources
2012-09-11 18:07:31,094 [Worker-33] INFO  o.e.m.i.launch.MavenLaunchDelegate - /home/adas/at/projekt/SchedulerMav/schedule
2012-09-11 18:07:31,112 [Worker-33] INFO  o.e.m.i.launch.MavenLaunchDelegate -  mvn  -B 
2012-09-11 18:09:03,569 [Worker-37] INFO  o.e.m.c.i.l.LifecycleMappingFactory - Using org.eclipse.m2e.jdt.JarLifecycleMapping lifecycle mapping for MavenProject: com.vaadin:schedule:1.112 @ /home/adas/at/projekt/SchedulerMav/schedule/pom.xml.
2012-09-11 18:09:03,751 [Worker-37] INFO  o.e.m.c.i.embedder.EclipseLogger - Using 'UTF-8' encoding to copy filtered resources.
2012-09-11 18:09:03,752 [Worker-37] INFO  o.e.m.c.i.embedder.EclipseLogger - Copying 0 resource
2012-09-11 18:09:03,755 [Worker-37] INFO  o.e.m.c.i.embedder.EclipseLogger - Using 'UTF-8' encoding to copy filtered resources.
2012-09-11 18:09:03,755 [Worker-37] INFO  o.e.m.c.i.embedder.EclipseLogger - skip non existing resourceDirectory /home/adas/at/projekt/SchedulerMav/schedule/src/test/resources
2012-09-11 18:09:14,885 [Worker-37] INFO  o.e.m.i.launch.MavenLaunchDelegate - /home/adas/at/projekt/SchedulerMav/schedule
2012-09-11 18:09:14,886 [Worker-37] INFO  o.e.m.i.launch.MavenLaunchDelegate -  mvn  -B 
2012-09-11 18:13:12,452 [Worker-39] INFO  o.e.m.c.i.p.ProjectConfigurationManager - Collecting project info '/pom.xml' /home/adas/at/projekt/SchedulerMav/testowo/pom.xml
2012-09-11 18:13:13,201 [Worker-39] INFO  o.e.m.c.i.l.LifecycleMappingFactory - Using org.eclipse.m2e.jdt.JarLifecycleMapping lifecycle mapping for MavenProject: com.vaadin:testowo:0.0.1-SNAPSHOT @ /home/adas/at/projekt/SchedulerMav/testowo/pom.xml.
2012-09-11 18:13:13,856 [Worker-39] INFO  o.e.m.j.i.AbstractJavaProjectConfigurator - Adding source folder /testowo/src/main/java
2012-09-11 18:13:13,857 [Worker-39] INFO  o.e.m.j.i.AbstractJavaProjectConfigurator - Adding resource folder /testowo/src/main/resources
2012-09-11 18:13:13,861 [Worker-39] INFO  o.e.m.j.i.AbstractJavaProjectConfigurator - Adding source folder /testowo/src/test/java
2012-09-11 18:13:14,519 [Worker-39] INFO  o.e.m.c.i.p.ProjectConfigurationManager - Project import completed 2 sec
2012-09-11 18:13:15,191 [Worker-44] INFO  o.e.m.c.i.l.LifecycleMappingFactory - Using org.eclipse.m2e.jdt.JarLifecycleMapping lifecycle mapping for MavenProject: com.vaadin:testowo:0.0.1-SNAPSHOT @ /home/adas/at/projekt/SchedulerMav/testowo/pom.xml.
2012-09-11 18:13:15,828 [Worker-39] INFO  o.e.m.c.i.l.LifecycleMappingFactory - Using org.eclipse.m2e.jdt.JarLifecycleMapping lifecycle mapping for MavenProject: com.vaadin:testowo:0.0.1-SNAPSHOT @ /home/adas/at/projekt/SchedulerMav/testowo/pom.xml.
2012-09-11 18:13:16,154 [Worker-39] INFO  o.e.m.c.i.embedder.EclipseLogger - Using 'UTF-8' encoding to copy filtered resources.
2012-09-11 18:13:16,155 [Worker-39] INFO  o.e.m.c.i.embedder.EclipseLogger - Copying 1 resource
2012-09-11 18:13:16,163 [Worker-39] INFO  o.e.m.c.i.embedder.EclipseLogger - Using 'UTF-8' encoding to copy filtered resources.
2012-09-11 18:13:16,164 [Worker-39] INFO  o.e.m.c.i.embedder.EclipseLogger - skip non existing resourceDirectory /home/adas/at/projekt/SchedulerMav/testowo/src/test/resources
2012-09-11 18:13:17,291 [Worker-42] INFO  o.e.m.c.i.l.LifecycleMappingFactory - Using org.eclipse.m2e.jdt.JarLifecycleMapping lifecycle mapping for MavenProject: com.vaadin:testowo:0.0.1-SNAPSHOT @ /home/adas/at/projekt/SchedulerMav/testowo/pom.xml.
2012-09-11 18:13:18,433 [Worker-39] INFO  o.e.m.c.i.embedder.EclipseLogger - Using 'UTF-8' encoding to copy filtered resources.
2012-09-11 18:13:18,434 [Worker-39] INFO  o.e.m.c.i.embedder.EclipseLogger - Copying 0 resource
2012-09-11 18:13:18,438 [Worker-39] INFO  o.e.m.c.i.embedder.EclipseLogger - Using 'UTF-8' encoding to copy filtered resources.
2012-09-11 18:13:18,438 [Worker-39] INFO  o.e.m.c.i.embedder.EclipseLogger - skip non existing resourceDirectory /home/adas/at/projekt/SchedulerMav/testowo/src/test/resources
2012-09-11 18:13:41,632 [main] INFO  o.e.m2e.actions.ExecutePomAction - Creating new launch configuration
2012-09-11 18:13:45,405 [Worker-41] INFO  o.e.m.i.launch.MavenLaunchDelegate - /home/adas/at/projekt/SchedulerMav/testowo
2012-09-11 18:13:45,406 [Worker-41] INFO  o.e.m.i.launch.MavenLaunchDelegate -  mvn  -B 
2012-09-11 18:18:52,113 [Worker-45] INFO  o.e.m.i.launch.MavenLaunchDelegate - /home/adas/at/projekt/SchedulerMav/testowo
2012-09-11 18:18:52,144 [Worker-45] INFO  o.e.m.i.launch.MavenLaunchDelegate -  mvn  -B 
